<?xml version="1.0" encoding="UTF-8"?>
<!-- Generated by org.testng.reporters.JUnitXMLReporter -->
<testsuite hostname="parth.bhardwaj" ignored="2" tests="1" failures="0" timestamp="2021-09-15T13:31:32 IST" time="3.812" errors="0">
  <testcase name="verify_POST_UserIsAbleToAddANewPet" time="3.59" classname="Test_PetEndPoints"/>
  <testcase name="verify_GET_UserIsAbleToFindPetByTags" time="0.0" classname="Test_PetEndPoints">
    <ignored/>
  </testcase> <!-- verify_GET_UserIsAbleToFindPetByTags -->
  <testcase name="verify_PUT_UserIsAbleToUpdateAnExisingPet" time="0.0" classname="Test_PetEndPoints">
    <ignored/>
  </testcase> <!-- verify_PUT_UserIsAbleToUpdateAnExisingPet -->
</testsuite>
