<?xml version="1.0" encoding="UTF-8"?>
<testng-results skipped="0" failed="0" ignored="2" total="3" passed="1">
  <reporter-output>
    <line>
      <![CDATA[200 expected code matched with actual code 200]]>
    </line>
  </reporter-output>
  <suite name="Default suite" duration-ms="3812" started-at="2021-09-15T13:31:29 IST" finished-at="2021-09-15T13:31:32 IST">
    <groups>
    </groups>
    <test name="Default test" duration-ms="3812" started-at="2021-09-15T13:31:29 IST" finished-at="2021-09-15T13:31:32 IST">
      <class name="Test_PetEndPoints">
        <test-method status="PASS" signature="beforeTest()[pri:0, instance:Test_PetEndPoints@4d95d2a2]" name="beforeTest" is-config="true" duration-ms="193" started-at="2021-09-15T13:31:29 IST" finished-at="2021-09-15T13:31:29 IST">
          <reporter-output>
          </reporter-output>
        </test-method> <!-- beforeTest -->
        <test-method status="PASS" signature="verify_POST_UserIsAbleToAddANewPet()[pri:0, instance:Test_PetEndPoints@4d95d2a2]" name="verify_POST_UserIsAbleToAddANewPet" duration-ms="3590" started-at="2021-09-15T13:31:29 IST" description="Pet POST API" finished-at="2021-09-15T13:31:32 IST">
          <reporter-output>
            <line>
              <![CDATA[200 expected code matched with actual code 200]]>
            </line>
          </reporter-output>
        </test-method> <!-- verify_POST_UserIsAbleToAddANewPet -->
      </class> <!-- Test_PetEndPoints -->
    </test> <!-- Default test -->
  </suite> <!-- Default suite -->
</testng-results>
